f:\embree renderer\theseus-2.4\devices\device_singleray\x64\debug\vc120.pdb
f:\embree renderer\theseus-2.4\devices\device_singleray\x64\debug\vc120.idb
f:\embree renderer\theseus-2.4\devices\device_singleray\x64\debug\singleray_device.obj
f:\embree renderer\theseus-2.4\devices\device_singleray\x64\debug\filter.obj
f:\embree renderer\theseus-2.4\devices\device_singleray\x64\debug\pathtraceintegrator.obj
f:\embree renderer\theseus-2.4\devices\device_singleray\x64\debug\hdrilight.obj
f:\embree renderer\theseus-2.4\devices\device_singleray\x64\debug\debugrenderer.obj
f:\embree renderer\theseus-2.4\devices\device_singleray\x64\debug\integratorrenderer.obj
f:\embree renderer\theseus-2.4\devices\device_singleray\x64\debug\progress.obj
f:\embree renderer\theseus-2.4\devices\device_singleray\x64\debug\distribution1d.obj
f:\embree renderer\theseus-2.4\devices\device_singleray\x64\debug\distribution2d.obj
f:\embree renderer\theseus-2.4\devices\device_singleray\x64\debug\sampler.obj
f:\embree renderer\theseus-2.4\devices\device_singleray\x64\debug\trianglemesh_full.obj
f:\embree renderer\theseus-2.4\devices\device_singleray\x64\debug\trianglemesh_normals.obj
f:\embree renderer\theseus-2.4\x64\debug\device_singleray.lib
f:\embree renderer\theseus-2.4\x64\debug\device_singleray.exp
f:\embree renderer\theseus-2.4\x64\debug\device_singleray.dll
f:\embree renderer\theseus-2.4\x64\debug\device_singleray.pdb
f:\embree renderer\theseus-2.4\devices\device_singleray\x64\debug\device_singleray.tlog\cl.command.1.tlog
f:\embree renderer\theseus-2.4\devices\device_singleray\x64\debug\device_singleray.tlog\cl.read.1.tlog
f:\embree renderer\theseus-2.4\devices\device_singleray\x64\debug\device_singleray.tlog\cl.write.1.tlog
f:\embree renderer\theseus-2.4\devices\device_singleray\x64\debug\device_singleray.tlog\device_singleray.write.1u.tlog
f:\embree renderer\theseus-2.4\devices\device_singleray\x64\debug\device_singleray.tlog\link.command.1.tlog
f:\embree renderer\theseus-2.4\devices\device_singleray\x64\debug\device_singleray.tlog\link.read.1.tlog
f:\embree renderer\theseus-2.4\devices\device_singleray\x64\debug\device_singleray.tlog\link.write.1.tlog
