Build started 03.11.2014 18:57:38.
     1>Project "F:\Embree Renderer\Theseus-2.4\common\image\image.vcxproj" on node 2 (Build target(s)).
     1>ClCompile:
         C:\Program Files (x86)\Microsoft Visual Studio 12.0\VC\bin\x86_amd64\CL.exe /c /I"F:\Embree Renderer\Theseus-2.4\common\image\\" /I"F:\Embree Renderer\Theseus-2.4\\" /I"F:\Embree Renderer\Theseus-2.4\/common" /ZI /nologo /W3 /WX- /Od /D WIN32 /D _DEBUG /D _LIB /D _CRT_SECURE_NO_WARNINGS /D _MBCS /Gm /EHsc /RTC1 /MDd /GS /fp:precise /Zc:wchar_t /Zc:forScope /Fo"x64\Debug\\" /Fd"x64\Debug\vc120.pdb" /Gd /TP /errorReport:prompt image.cpp
     1>cl : Command line warning D9038: /ZI is not supported on this platform; enabling /Zi instead
     1>cl : Command line warning D9007: '/Gm' requires '/Zi'; option ignored
         image.cpp
       Lib:
         C:\Program Files (x86)\Microsoft Visual Studio 12.0\VC\bin\x86_amd64\Lib.exe /OUT:"F:\Embree Renderer\Theseus-2.4\x64\Debug\image.lib" FreeImage64D.lib zlibstatd_64.lib /LIBPATH:"F:\Embree Renderer\Theseus-2.4\FreeImage\x64" /LIBPATH:"F:\Embree Renderer\Theseus-2.4\zlib\x64" /NOLOGO /MACHINE:X64 x64\Debug\exr.obj
         x64\Debug\image_wrapper.obj
         x64\Debug\image.obj
         x64\Debug\jpeg.obj
         x64\Debug\magick.obj
         x64\Debug\pfm.obj
         x64\Debug\ppm.obj
         x64\Debug\tga.obj
         image.vcxproj -> F:\Embree Renderer\Theseus-2.4\x64\Debug\image.lib
     1>Done Building Project "F:\Embree Renderer\Theseus-2.4\common\image\image.vcxproj" (Build target(s)).

Build succeeded.

Time Elapsed 00:00:00.56
