f:\embree renderer\embree-renderer-2.3\devices\device_singleray\x64\releaseavx\vc120.pdb
f:\embree renderer\embree-renderer-2.3\devices\device_singleray\x64\releaseavx\trianglemesh_normals.obj
f:\embree renderer\embree-renderer-2.3\devices\device_singleray\x64\releaseavx\trianglemesh_full.obj
f:\embree renderer\embree-renderer-2.3\devices\device_singleray\x64\releaseavx\sampler.obj
f:\embree renderer\embree-renderer-2.3\devices\device_singleray\x64\releaseavx\distribution2d.obj
f:\embree renderer\embree-renderer-2.3\devices\device_singleray\x64\releaseavx\distribution1d.obj
f:\embree renderer\embree-renderer-2.3\devices\device_singleray\x64\releaseavx\progress.obj
f:\embree renderer\embree-renderer-2.3\devices\device_singleray\x64\releaseavx\integratorrenderer.obj
f:\embree renderer\embree-renderer-2.3\devices\device_singleray\x64\releaseavx\debugrenderer.obj
f:\embree renderer\embree-renderer-2.3\devices\device_singleray\x64\releaseavx\hdrilight.obj
f:\embree renderer\embree-renderer-2.3\devices\device_singleray\x64\releaseavx\pathtraceintegrator.obj
f:\embree renderer\embree-renderer-2.3\devices\device_singleray\x64\releaseavx\filter.obj
f:\embree renderer\embree-renderer-2.3\devices\device_singleray\x64\releaseavx\singleray_device.obj
f:\embree renderer\embree-renderer-2.3\x64\releaseavx\device_singleray.lib
f:\embree renderer\embree-renderer-2.3\x64\releaseavx\device_singleray.exp
f:\embree renderer\embree-renderer-2.3\devices\device_singleray\x64\releaseavx\device_singleray.tlog\cl.command.1.tlog
f:\embree renderer\embree-renderer-2.3\devices\device_singleray\x64\releaseavx\device_singleray.tlog\cl.read.1.tlog
f:\embree renderer\embree-renderer-2.3\devices\device_singleray\x64\releaseavx\device_singleray.tlog\cl.write.1.tlog
f:\embree renderer\embree-renderer-2.3\devices\device_singleray\x64\releaseavx\device_singleray.tlog\device_singleray.write.1u.tlog
f:\embree renderer\embree-renderer-2.3\devices\device_singleray\x64\releaseavx\device_singleray.tlog\link.command.1.tlog
f:\embree renderer\embree-renderer-2.3\devices\device_singleray\x64\releaseavx\device_singleray.tlog\link.read.1.tlog
f:\embree renderer\embree-renderer-2.3\devices\device_singleray\x64\releaseavx\device_singleray.tlog\link.write.1.tlog
