Build started 03.11.2014 18:57:38.
     1>Project "F:\Embree Renderer\Theseus-2.4\devices\device_ispc\device_ispc.vcxproj" on node 4 (Build target(s)).
     1>Link:
         C:\Program Files (x86)\Microsoft Visual Studio 12.0\VC\bin\x86_amd64\link.exe /ERRORREPORT:PROMPT /OUT:"F:\Embree Renderer\Theseus-2.4\x64\Debug\device_ispc.dll" /INCREMENTAL:NO /NOLOGO "F:\embree-2.3.3\x64\Debug\embree.lib" kernel32.lib user32.lib gdi32.lib winspool.lib comdlg32.lib advapi32.lib shell32.lib ole32.lib oleaut32.lib uuid.lib odbc32.lib odbccp32.lib /NODEFAULTLIB:libcpmt.lib /MANIFEST /MANIFESTUAC:"level='asInvoker' uiAccess='false'" /manifest:embed /DEBUG /PDB:"F:\Embree Renderer\Theseus-2.4\x64\Debug\device_ispc.pdb" /TLBID:1 /DYNAMICBASE /NXCOMPAT /IMPLIB:"F:\Embree Renderer\Theseus-2.4\x64\Debug\device_ispc.lib" /MACHINE:X64 /DLL x64\Debug\ref.ispc.obj
         x64\Debug\ref.ispc_sse2.obj
         x64\Debug\ref.ispc_sse4.obj
         x64\Debug\depthoffieldcamera.ispc.obj
         x64\Debug\depthoffieldcamera.ispc_sse2.obj
         x64\Debug\depthoffieldcamera.ispc_sse4.obj
         x64\Debug\pinholecamera.ispc.obj
         x64\Debug\pinholecamera.ispc_sse2.obj
         x64\Debug\pinholecamera.ispc_sse4.obj
         x64\Debug\accubuffer.ispc.obj
         x64\Debug\accubuffer.ispc_sse2.obj
         x64\Debug\accubuffer.ispc_sse4.obj
         x64\Debug\framebuffer.ispc.obj
         x64\Debug\framebuffer.ispc_sse2.obj
         x64\Debug\framebuffer.ispc_sse4.obj
         x64\Debug\framebuffer_rgb8.ispc.obj
         x64\Debug\framebuffer_rgb8.ispc_sse2.obj
         x64\Debug\framebuffer_rgb8.ispc_sse4.obj
         x64\Debug\framebuffer_rgb_float32.ispc.obj
         x64\Debug\framebuffer_rgb_float32.ispc_sse2.obj
         x64\Debug\framebuffer_rgb_float32.ispc_sse4.obj
         x64\Debug\framebuffer_rgba8.ispc.obj
         x64\Debug\framebuffer_rgba8.ispc_sse2.obj
         x64\Debug\framebuffer_rgba8.ispc_sse4.obj
         x64\Debug\swapchain.ispc.obj
         x64\Debug\swapchain.ispc_sse2.obj
         x64\Debug\swapchain.ispc_sse4.obj
         x64\Debug\instance.ispc.obj
         x64\Debug\instance.ispc_sse2.obj
         x64\Debug\instance.ispc_sse4.obj
         x64\Debug\scene.ispc.obj
         x64\Debug\scene.ispc_sse2.obj
         x64\Debug\scene.ispc_sse4.obj
         x64\Debug\ambientlight.ispc.obj
         x64\Debug\ambientlight.ispc_sse2.obj
         x64\Debug\ambientlight.ispc_sse4.obj
         x64\Debug\directionallight.ispc.obj
         x64\Debug\directionallight.ispc_sse2.obj
         x64\Debug\directionallight.ispc_sse4.obj
         x64\Debug\distantlight.ispc.obj
         x64\Debug\distantlight.ispc_sse2.obj
         x64\Debug\distantlight.ispc_sse4.obj
         x64\Debug\hdrilight.ispc.obj
         x64\Debug\hdrilight.ispc_sse2.obj
         x64\Debug\hdrilight.ispc_sse4.obj
         x64\Debug\light.ispc.obj
         x64\Debug\light.ispc_sse2.obj
         x64\Debug\light.ispc_sse4.obj
         x64\Debug\pointlight.ispc.obj
         x64\Debug\pointlight.ispc_sse2.obj
         x64\Debug\pointlight.ispc_sse4.obj
         x64\Debug\spotlight.ispc.obj
         x64\Debug\spotlight.ispc_sse2.obj
         x64\Debug\spotlight.ispc_sse4.obj
         x64\Debug\trianglelight.ispc.obj
         x64\Debug\trianglelight.ispc_sse2.obj
         x64\Debug\trianglelight.ispc_sse4.obj
         x64\Debug\dielectric.ispc.obj
         x64\Debug\dielectric.ispc_sse2.obj
         x64\Debug\dielectric.ispc_sse4.obj
         x64\Debug\material.ispc.obj
         x64\Debug\material.ispc_sse2.obj
         x64\Debug\material.ispc_sse4.obj
         x64\Debug\matte.ispc.obj
         x64\Debug\matte.ispc_sse2.obj
         x64\Debug\matte.ispc_sse4.obj
         x64\Debug\matte_textured.ispc.obj
         x64\Debug\matte_textured.ispc_sse2.obj
         x64\Debug\matte_textured.ispc_sse4.obj
         x64\Debug\metal.ispc.obj
         x64\Debug\metal.ispc_sse2.obj
         x64\Debug\metal.ispc_sse4.obj
         x64\Debug\metallicpaint.ispc.obj
         x64\Debug\metallicpaint.ispc_sse2.obj
         x64\Debug\metallicpaint.ispc_sse4.obj
         x64\Debug\mirror.ispc.obj
         x64\Debug\mirror.ispc_sse2.obj
         x64\Debug\mirror.ispc_sse4.obj
         x64\Debug\obj.ispc.obj
         x64\Debug\obj.ispc_sse2.obj
         x64\Debug\obj.ispc_sse4.obj
         x64\Debug\plastic.ispc.obj
         x64\Debug\plastic.ispc_sse2.obj
         x64\Debug\plastic.ispc_sse4.obj
         x64\Debug\thindielectric.ispc.obj
         x64\Debug\thindielectric.ispc_sse2.obj
         x64\Debug\thindielectric.ispc_sse4.obj
         x64\Debug\velvet.ispc.obj
         x64\Debug\velvet.ispc_sse2.obj
         x64\Debug\velvet.ispc_sse4.obj
         x64\Debug\debugrenderer.ispc.obj
         x64\Debug\debugrenderer.ispc_sse2.obj
         x64\Debug\debugrenderer.ispc_sse4.obj
         x64\Debug\pathtracer.ispc.obj
         x64\Debug\pathtracer.ispc_sse2.obj
         x64\Debug\pathtracer.ispc_sse4.obj
         x64\Debug\renderer.ispc.obj
         x64\Debug\renderer.ispc_sse2.obj
         x64\Debug\renderer.ispc_sse4.obj
         x64\Debug\distribution2d.ispc.obj
         x64\Debug\distribution2d.ispc_sse2.obj
         x64\Debug\distribution2d.ispc_sse4.obj
         x64\Debug\shape.ispc.obj
         x64\Debug\shape.ispc_sse2.obj
         x64\Debug\shape.ispc_sse4.obj
         x64\Debug\trianglemesh.ispc.obj
         x64\Debug\trianglemesh.ispc_sse2.obj
         x64\Debug\trianglemesh.ispc_sse4.obj
         x64\Debug\image3c.ispc.obj
         x64\Debug\image3c.ispc_sse2.obj
         x64\Debug\image3c.ispc_sse4.obj
         x64\Debug\image3ca.ispc.obj
         x64\Debug\image3ca.ispc_sse2.obj
         x64\Debug\image3ca.ispc_sse4.obj
         x64\Debug\image3f.ispc.obj
         x64\Debug\image3f.ispc_sse2.obj
         x64\Debug\image3f.ispc_sse4.obj
         x64\Debug\image3fa.ispc.obj
         x64\Debug\image3fa.ispc_sse2.obj
         x64\Debug\image3fa.ispc_sse4.obj
         x64\Debug\nearestneighbor.ispc.obj
         x64\Debug\nearestneighbor.ispc_sse2.obj
         x64\Debug\nearestneighbor.ispc_sse4.obj
         x64\Debug\defaulttonemapper.ispc.obj
         x64\Debug\defaulttonemapper.ispc_sse2.obj
         x64\Debug\defaulttonemapper.ispc_sse4.obj
         x64\Debug\ispc_device.obj
         x64\Debug\sphere.obj
         x64\Debug\trianglemesh.obj
         "F:\Embree Renderer\Theseus-2.4\x64\Debug\image.lib"
         "F:\Embree Renderer\Theseus-2.4\x64\Debug\sys.lib"
            Creating library F:\Embree Renderer\Theseus-2.4\x64\Debug\device_ispc.lib and object F:\Embree Renderer\Theseus-2.4\x64\Debug\device_ispc.exp
         device_ispc.vcxproj -> F:\Embree Renderer\Theseus-2.4\x64\Debug\device_ispc.dll
     1>Done Building Project "F:\Embree Renderer\Theseus-2.4\devices\device_ispc\device_ispc.vcxproj" (Build target(s)).

Build succeeded.

Time Elapsed 00:00:00.44
