f:\embree renderer\embree-renderer-2.3\devices\device_ispc\x64\debug\ref.ispc.obj
f:\embree renderer\embree-renderer-2.3\devices\device_ispc\x64\debug\ref.ispc_sse2.obj
f:\embree renderer\embree-renderer-2.3\devices\device_ispc\x64\debug\ref.ispc_sse4.obj
f:\embree renderer\embree-renderer-2.3\devices\device_ispc\x64\debug\depthoffieldcamera.ispc.obj
f:\embree renderer\embree-renderer-2.3\devices\device_ispc\x64\debug\depthoffieldcamera.ispc_sse2.obj
f:\embree renderer\embree-renderer-2.3\devices\device_ispc\x64\debug\depthoffieldcamera.ispc_sse4.obj
f:\embree renderer\embree-renderer-2.3\devices\device_ispc\x64\debug\pinholecamera.ispc.obj
f:\embree renderer\embree-renderer-2.3\devices\device_ispc\x64\debug\pinholecamera.ispc_sse2.obj
f:\embree renderer\embree-renderer-2.3\devices\device_ispc\x64\debug\pinholecamera.ispc_sse4.obj
f:\embree renderer\embree-renderer-2.3\devices\device_ispc\x64\debug\accubuffer.ispc.obj
f:\embree renderer\embree-renderer-2.3\devices\device_ispc\x64\debug\accubuffer.ispc_sse2.obj
f:\embree renderer\embree-renderer-2.3\devices\device_ispc\x64\debug\accubuffer.ispc_sse4.obj
f:\embree renderer\embree-renderer-2.3\devices\device_ispc\x64\debug\framebuffer.ispc.obj
f:\embree renderer\embree-renderer-2.3\devices\device_ispc\x64\debug\framebuffer.ispc_sse2.obj
f:\embree renderer\embree-renderer-2.3\devices\device_ispc\x64\debug\framebuffer.ispc_sse4.obj
f:\embree renderer\embree-renderer-2.3\devices\device_ispc\x64\debug\framebuffer_rgb8.ispc.obj
f:\embree renderer\embree-renderer-2.3\devices\device_ispc\x64\debug\framebuffer_rgb8.ispc_sse2.obj
f:\embree renderer\embree-renderer-2.3\devices\device_ispc\x64\debug\framebuffer_rgb8.ispc_sse4.obj
f:\embree renderer\embree-renderer-2.3\devices\device_ispc\x64\debug\framebuffer_rgb_float32.ispc.obj
f:\embree renderer\embree-renderer-2.3\devices\device_ispc\x64\debug\framebuffer_rgb_float32.ispc_sse2.obj
f:\embree renderer\embree-renderer-2.3\devices\device_ispc\x64\debug\framebuffer_rgb_float32.ispc_sse4.obj
f:\embree renderer\embree-renderer-2.3\devices\device_ispc\x64\debug\framebuffer_rgba8.ispc.obj
f:\embree renderer\embree-renderer-2.3\devices\device_ispc\x64\debug\framebuffer_rgba8.ispc_sse2.obj
f:\embree renderer\embree-renderer-2.3\devices\device_ispc\x64\debug\framebuffer_rgba8.ispc_sse4.obj
f:\embree renderer\embree-renderer-2.3\devices\device_ispc\x64\debug\swapchain.ispc.obj
f:\embree renderer\embree-renderer-2.3\devices\device_ispc\x64\debug\swapchain.ispc_sse2.obj
f:\embree renderer\embree-renderer-2.3\devices\device_ispc\x64\debug\swapchain.ispc_sse4.obj
f:\embree renderer\embree-renderer-2.3\devices\device_ispc\x64\debug\instance.ispc.obj
f:\embree renderer\embree-renderer-2.3\devices\device_ispc\x64\debug\instance.ispc_sse2.obj
f:\embree renderer\embree-renderer-2.3\devices\device_ispc\x64\debug\instance.ispc_sse4.obj
f:\embree renderer\embree-renderer-2.3\devices\device_ispc\x64\debug\scene.ispc.obj
f:\embree renderer\embree-renderer-2.3\devices\device_ispc\x64\debug\scene.ispc_sse2.obj
f:\embree renderer\embree-renderer-2.3\devices\device_ispc\x64\debug\scene.ispc_sse4.obj
f:\embree renderer\embree-renderer-2.3\devices\device_ispc\x64\debug\ambientlight.ispc.obj
f:\embree renderer\embree-renderer-2.3\devices\device_ispc\x64\debug\ambientlight.ispc_sse2.obj
f:\embree renderer\embree-renderer-2.3\devices\device_ispc\x64\debug\ambientlight.ispc_sse4.obj
f:\embree renderer\embree-renderer-2.3\devices\device_ispc\x64\debug\directionallight.ispc.obj
f:\embree renderer\embree-renderer-2.3\devices\device_ispc\x64\debug\directionallight.ispc_sse2.obj
f:\embree renderer\embree-renderer-2.3\devices\device_ispc\x64\debug\directionallight.ispc_sse4.obj
f:\embree renderer\embree-renderer-2.3\devices\device_ispc\x64\debug\distantlight.ispc.obj
f:\embree renderer\embree-renderer-2.3\devices\device_ispc\x64\debug\distantlight.ispc_sse2.obj
f:\embree renderer\embree-renderer-2.3\devices\device_ispc\x64\debug\distantlight.ispc_sse4.obj
f:\embree renderer\embree-renderer-2.3\devices\device_ispc\x64\debug\hdrilight.ispc.obj
f:\embree renderer\embree-renderer-2.3\devices\device_ispc\x64\debug\hdrilight.ispc_sse2.obj
f:\embree renderer\embree-renderer-2.3\devices\device_ispc\x64\debug\hdrilight.ispc_sse4.obj
f:\embree renderer\embree-renderer-2.3\devices\device_ispc\x64\debug\light.ispc.obj
f:\embree renderer\embree-renderer-2.3\devices\device_ispc\x64\debug\light.ispc_sse2.obj
f:\embree renderer\embree-renderer-2.3\devices\device_ispc\x64\debug\light.ispc_sse4.obj
f:\embree renderer\embree-renderer-2.3\devices\device_ispc\x64\debug\pointlight.ispc.obj
f:\embree renderer\embree-renderer-2.3\devices\device_ispc\x64\debug\pointlight.ispc_sse2.obj
f:\embree renderer\embree-renderer-2.3\devices\device_ispc\x64\debug\pointlight.ispc_sse4.obj
f:\embree renderer\embree-renderer-2.3\devices\device_ispc\x64\debug\spotlight.ispc.obj
f:\embree renderer\embree-renderer-2.3\devices\device_ispc\x64\debug\spotlight.ispc_sse2.obj
f:\embree renderer\embree-renderer-2.3\devices\device_ispc\x64\debug\spotlight.ispc_sse4.obj
f:\embree renderer\embree-renderer-2.3\devices\device_ispc\x64\debug\trianglelight.ispc.obj
f:\embree renderer\embree-renderer-2.3\devices\device_ispc\x64\debug\trianglelight.ispc_sse2.obj
f:\embree renderer\embree-renderer-2.3\devices\device_ispc\x64\debug\trianglelight.ispc_sse4.obj
f:\embree renderer\embree-renderer-2.3\devices\device_ispc\x64\debug\dielectric.ispc.obj
f:\embree renderer\embree-renderer-2.3\devices\device_ispc\x64\debug\dielectric.ispc_sse2.obj
f:\embree renderer\embree-renderer-2.3\devices\device_ispc\x64\debug\dielectric.ispc_sse4.obj
f:\embree renderer\embree-renderer-2.3\devices\device_ispc\x64\debug\material.ispc.obj
f:\embree renderer\embree-renderer-2.3\devices\device_ispc\x64\debug\material.ispc_sse2.obj
f:\embree renderer\embree-renderer-2.3\devices\device_ispc\x64\debug\material.ispc_sse4.obj
f:\embree renderer\embree-renderer-2.3\devices\device_ispc\x64\debug\matte.ispc.obj
f:\embree renderer\embree-renderer-2.3\devices\device_ispc\x64\debug\matte.ispc_sse2.obj
f:\embree renderer\embree-renderer-2.3\devices\device_ispc\x64\debug\matte.ispc_sse4.obj
f:\embree renderer\embree-renderer-2.3\devices\device_ispc\x64\debug\matte_textured.ispc.obj
f:\embree renderer\embree-renderer-2.3\devices\device_ispc\x64\debug\matte_textured.ispc_sse2.obj
f:\embree renderer\embree-renderer-2.3\devices\device_ispc\x64\debug\matte_textured.ispc_sse4.obj
f:\embree renderer\embree-renderer-2.3\devices\device_ispc\x64\debug\metal.ispc.obj
f:\embree renderer\embree-renderer-2.3\devices\device_ispc\x64\debug\metal.ispc_sse2.obj
f:\embree renderer\embree-renderer-2.3\devices\device_ispc\x64\debug\metal.ispc_sse4.obj
f:\embree renderer\embree-renderer-2.3\devices\device_ispc\x64\debug\metallicpaint.ispc.obj
f:\embree renderer\embree-renderer-2.3\devices\device_ispc\x64\debug\metallicpaint.ispc_sse2.obj
f:\embree renderer\embree-renderer-2.3\devices\device_ispc\x64\debug\metallicpaint.ispc_sse4.obj
f:\embree renderer\embree-renderer-2.3\devices\device_ispc\x64\debug\mirror.ispc.obj
f:\embree renderer\embree-renderer-2.3\devices\device_ispc\x64\debug\mirror.ispc_sse2.obj
f:\embree renderer\embree-renderer-2.3\devices\device_ispc\x64\debug\mirror.ispc_sse4.obj
f:\embree renderer\embree-renderer-2.3\devices\device_ispc\x64\debug\obj.ispc.obj
f:\embree renderer\embree-renderer-2.3\devices\device_ispc\x64\debug\obj.ispc_sse2.obj
f:\embree renderer\embree-renderer-2.3\devices\device_ispc\x64\debug\obj.ispc_sse4.obj
f:\embree renderer\embree-renderer-2.3\devices\device_ispc\x64\debug\plastic.ispc.obj
f:\embree renderer\embree-renderer-2.3\devices\device_ispc\x64\debug\plastic.ispc_sse2.obj
f:\embree renderer\embree-renderer-2.3\devices\device_ispc\x64\debug\plastic.ispc_sse4.obj
f:\embree renderer\embree-renderer-2.3\devices\device_ispc\x64\debug\thindielectric.ispc.obj
f:\embree renderer\embree-renderer-2.3\devices\device_ispc\x64\debug\thindielectric.ispc_sse2.obj
f:\embree renderer\embree-renderer-2.3\devices\device_ispc\x64\debug\thindielectric.ispc_sse4.obj
f:\embree renderer\embree-renderer-2.3\devices\device_ispc\x64\debug\velvet.ispc.obj
f:\embree renderer\embree-renderer-2.3\devices\device_ispc\x64\debug\velvet.ispc_sse2.obj
f:\embree renderer\embree-renderer-2.3\devices\device_ispc\x64\debug\velvet.ispc_sse4.obj
f:\embree renderer\embree-renderer-2.3\devices\device_ispc\x64\debug\debugrenderer.ispc.obj
f:\embree renderer\embree-renderer-2.3\devices\device_ispc\x64\debug\debugrenderer.ispc_sse2.obj
f:\embree renderer\embree-renderer-2.3\devices\device_ispc\x64\debug\debugrenderer.ispc_sse4.obj
f:\embree renderer\embree-renderer-2.3\devices\device_ispc\x64\debug\pathtracer.ispc.obj
f:\embree renderer\embree-renderer-2.3\devices\device_ispc\x64\debug\pathtracer.ispc_sse2.obj
f:\embree renderer\embree-renderer-2.3\devices\device_ispc\x64\debug\pathtracer.ispc_sse4.obj
f:\embree renderer\embree-renderer-2.3\devices\device_ispc\x64\debug\renderer.ispc.obj
f:\embree renderer\embree-renderer-2.3\devices\device_ispc\x64\debug\renderer.ispc_sse2.obj
f:\embree renderer\embree-renderer-2.3\devices\device_ispc\x64\debug\renderer.ispc_sse4.obj
f:\embree renderer\embree-renderer-2.3\devices\device_ispc\x64\debug\distribution2d.ispc.obj
f:\embree renderer\embree-renderer-2.3\devices\device_ispc\x64\debug\distribution2d.ispc_sse2.obj
f:\embree renderer\embree-renderer-2.3\devices\device_ispc\x64\debug\distribution2d.ispc_sse4.obj
f:\embree renderer\embree-renderer-2.3\devices\device_ispc\x64\debug\shape.ispc.obj
f:\embree renderer\embree-renderer-2.3\devices\device_ispc\x64\debug\shape.ispc_sse2.obj
f:\embree renderer\embree-renderer-2.3\devices\device_ispc\x64\debug\shape.ispc_sse4.obj
f:\embree renderer\embree-renderer-2.3\devices\device_ispc\x64\debug\trianglemesh.ispc.obj
f:\embree renderer\embree-renderer-2.3\devices\device_ispc\x64\debug\trianglemesh.ispc_sse2.obj
f:\embree renderer\embree-renderer-2.3\devices\device_ispc\x64\debug\trianglemesh.ispc_sse4.obj
f:\embree renderer\embree-renderer-2.3\devices\device_ispc\x64\debug\image3c.ispc.obj
f:\embree renderer\embree-renderer-2.3\devices\device_ispc\x64\debug\image3c.ispc_sse2.obj
f:\embree renderer\embree-renderer-2.3\devices\device_ispc\x64\debug\image3c.ispc_sse4.obj
f:\embree renderer\embree-renderer-2.3\devices\device_ispc\x64\debug\image3ca.ispc.obj
f:\embree renderer\embree-renderer-2.3\devices\device_ispc\x64\debug\image3ca.ispc_sse2.obj
f:\embree renderer\embree-renderer-2.3\devices\device_ispc\x64\debug\image3ca.ispc_sse4.obj
f:\embree renderer\embree-renderer-2.3\devices\device_ispc\x64\debug\image3f.ispc.obj
f:\embree renderer\embree-renderer-2.3\devices\device_ispc\x64\debug\image3f.ispc_sse2.obj
f:\embree renderer\embree-renderer-2.3\devices\device_ispc\x64\debug\image3f.ispc_sse4.obj
f:\embree renderer\embree-renderer-2.3\devices\device_ispc\x64\debug\image3fa.ispc.obj
f:\embree renderer\embree-renderer-2.3\devices\device_ispc\x64\debug\image3fa.ispc_sse2.obj
f:\embree renderer\embree-renderer-2.3\devices\device_ispc\x64\debug\image3fa.ispc_sse4.obj
f:\embree renderer\embree-renderer-2.3\devices\device_ispc\x64\debug\nearestneighbor.ispc.obj
f:\embree renderer\embree-renderer-2.3\devices\device_ispc\x64\debug\nearestneighbor.ispc_sse2.obj
f:\embree renderer\embree-renderer-2.3\devices\device_ispc\x64\debug\nearestneighbor.ispc_sse4.obj
f:\embree renderer\embree-renderer-2.3\devices\device_ispc\x64\debug\defaulttonemapper.ispc.obj
f:\embree renderer\embree-renderer-2.3\devices\device_ispc\x64\debug\defaulttonemapper.ispc_sse2.obj
f:\embree renderer\embree-renderer-2.3\devices\device_ispc\x64\debug\defaulttonemapper.ispc_sse4.obj
f:\embree renderer\embree-renderer-2.3\devices\device_ispc\x64\debug\vc120.pdb
f:\embree renderer\embree-renderer-2.3\devices\device_ispc\x64\debug\vc120.idb
f:\embree renderer\embree-renderer-2.3\devices\device_ispc\x64\debug\ispc_device.obj
f:\embree renderer\embree-renderer-2.3\devices\device_ispc\x64\debug\sphere.obj
f:\embree renderer\embree-renderer-2.3\devices\device_ispc\x64\debug\trianglemesh.obj
f:\embree renderer\embree-renderer-2.3\x64\debug\device_ispc.lib
f:\embree renderer\embree-renderer-2.3\x64\debug\device_ispc.exp
f:\embree renderer\embree-renderer-2.3\x64\debug\device_ispc.dll
f:\embree renderer\embree-renderer-2.3\x64\debug\device_ispc.pdb
f:\embree renderer\embree-renderer-2.3\devices\device_ispc\x64\debug\device_ispc.write.1.tlog
f:\embree renderer\embree-renderer-2.3\devices\device_ispc\x64\debug\device_ispc.tlog\cl.command.1.tlog
f:\embree renderer\embree-renderer-2.3\devices\device_ispc\x64\debug\device_ispc.tlog\cl.read.1.tlog
f:\embree renderer\embree-renderer-2.3\devices\device_ispc\x64\debug\device_ispc.tlog\cl.write.1.tlog
f:\embree renderer\embree-renderer-2.3\devices\device_ispc\x64\debug\device_ispc.tlog\device_ispc.write.1u.tlog
f:\embree renderer\embree-renderer-2.3\devices\device_ispc\x64\debug\device_ispc.tlog\link.command.1.tlog
f:\embree renderer\embree-renderer-2.3\devices\device_ispc\x64\debug\device_ispc.tlog\link.read.1.tlog
f:\embree renderer\embree-renderer-2.3\devices\device_ispc\x64\debug\device_ispc.tlog\link.write.1.tlog
