Build started 04.11.2014 16:15:26.
     1>Project "F:\Embree Renderer\Theseus-2.4\devices\renderer\renderer.vcxproj" on node 2 (Build target(s)).
     1>ClCompile:
         C:\Program Files (x86)\Microsoft Visual Studio 12.0\VC\bin\x86_amd64\CL.exe /c /I"F:\Embree Renderer\Theseus-2.4\devices\renderer\\" /I"F:\Embree Renderer\Theseus-2.4\\" /I"F:\Embree Renderer\Theseus-2.4\/common" /I"F:\Embree Renderer\Theseus-2.4\/devices" /I"F:\Embree Renderer\Theseus-2.4\/common/freeglut/x64" /ZI /nologo /W3 /WX- /Od /D WIN32 /D _DEBUG /D _CONSOLE /D _CRT_SECURE_NO_WARNINGS /Gm /EHsc /RTC1 /MDd /GS /fp:precise /Zc:wchar_t /Zc:forScope /Fo"x64\Debug\\" /Fd"x64\Debug\vc120.pdb" /Gd /TP /errorReport:prompt glutdisplay.cpp
     1>cl : Command line warning D9038: /ZI is not supported on this platform; enabling /Zi instead
     1>cl : Command line warning D9007: '/Gm' requires '/Zi'; option ignored
         glutdisplay.cpp
       Link:
         C:\Program Files (x86)\Microsoft Visual Studio 12.0\VC\bin\x86_amd64\link.exe /ERRORREPORT:PROMPT /OUT:"F:\Embree Renderer\Theseus-2.4\x64\Debug\renderer.exe" /INCREMENTAL:NO /NOLOGO /LIBPATH:"F:\Embree Renderer\Theseus-2.4\/common/freeglut/x64" kernel32.lib user32.lib gdi32.lib winspool.lib comdlg32.lib advapi32.lib shell32.lib ole32.lib oleaut32.lib uuid.lib odbc32.lib odbccp32.lib /MANIFEST /MANIFESTUAC:"level='asInvoker' uiAccess='false'" /manifest:embed /DEBUG /PDB:"F:\Embree Renderer\Theseus-2.4\x64\Debug\renderer.pdb" /SUBSYSTEM:CONSOLE /TLBID:1 /DYNAMICBASE /NXCOMPAT /IMPLIB:"F:\Embree Renderer\Theseus-2.4\x64\Debug\renderer.lib" /MACHINE:X64 x64\Debug\glutdisplay.obj
         x64\Debug\regression.obj
         x64\Debug\renderer.obj
         "F:\Embree Renderer\Theseus-2.4\x64\Debug\image.lib"
         "F:\Embree Renderer\Theseus-2.4\x64\Debug\lexers.lib"
         "F:\Embree Renderer\Theseus-2.4\x64\Debug\sys.lib"
         "F:\Embree Renderer\Theseus-2.4\x64\Debug\device.lib"
         renderer.vcxproj -> F:\Embree Renderer\Theseus-2.4\x64\Debug\renderer.exe
       PostBuildEvent:
         copy "F:\Embree Renderer\Theseus-2.4\\common\freeglut\x64\freeglut.dll" "F:\Embree Renderer\Theseus-2.4\x64\Debug\"
         :VCEnd
                 1 Datei(en) kopiert.
     1>Done Building Project "F:\Embree Renderer\Theseus-2.4\devices\renderer\renderer.vcxproj" (Build target(s)).

Build succeeded.

Time Elapsed 00:00:01.44
