f:\embree renderer\embree-renderer-2.3\common\sys\x64\debug\vc120.pdb
f:\embree renderer\embree-renderer-2.3\common\sys\x64\debug\vc120.idb
f:\embree renderer\embree-renderer-2.3\common\sys\x64\debug\string.obj
f:\embree renderer\embree-renderer-2.3\common\sys\x64\debug\condition.obj
f:\embree renderer\embree-renderer-2.3\common\sys\x64\debug\mutex.obj
f:\embree renderer\embree-renderer-2.3\common\sys\x64\debug\filename.obj
f:\embree renderer\embree-renderer-2.3\common\sys\x64\debug\library.obj
f:\embree renderer\embree-renderer-2.3\common\sys\x64\debug\network.obj
f:\embree renderer\embree-renderer-2.3\common\sys\x64\debug\platform.obj
f:\embree renderer\embree-renderer-2.3\common\sys\x64\debug\sysinfo.obj
f:\embree renderer\embree-renderer-2.3\common\sys\x64\debug\taskscheduler.obj
f:\embree renderer\embree-renderer-2.3\common\sys\x64\debug\taskscheduler_mic.obj
f:\embree renderer\embree-renderer-2.3\common\sys\x64\debug\taskscheduler_sys.obj
f:\embree renderer\embree-renderer-2.3\common\sys\x64\debug\thread.obj
f:\embree renderer\embree-renderer-2.3\x64\debug\sys.lib
f:\embree renderer\embree-renderer-2.3\common\sys\x64\debug\sys.tlog\cl.command.1.tlog
f:\embree renderer\embree-renderer-2.3\common\sys\x64\debug\sys.tlog\cl.read.1.tlog
f:\embree renderer\embree-renderer-2.3\common\sys\x64\debug\sys.tlog\cl.write.1.tlog
f:\embree renderer\embree-renderer-2.3\common\sys\x64\debug\sys.tlog\lib-link.read.1.tlog
f:\embree renderer\embree-renderer-2.3\common\sys\x64\debug\sys.tlog\lib-link.write.1.tlog
f:\embree renderer\embree-renderer-2.3\common\sys\x64\debug\sys.tlog\lib.command.1.tlog
