f:\embree renderer\embree-renderer-2.3\devices\device_ispc\x64\releaseavx\ref.ispc.obj
f:\embree renderer\embree-renderer-2.3\devices\device_ispc\x64\releaseavx\ref.ispc_sse2.obj
f:\embree renderer\embree-renderer-2.3\devices\device_ispc\x64\releaseavx\ref.ispc_sse4.obj
f:\embree renderer\embree-renderer-2.3\devices\device_ispc\x64\releaseavx\ref.ispc_avx.obj
f:\embree renderer\embree-renderer-2.3\devices\device_ispc\x64\releaseavx\depthoffieldcamera.ispc.obj
f:\embree renderer\embree-renderer-2.3\devices\device_ispc\x64\releaseavx\depthoffieldcamera.ispc_sse2.obj
f:\embree renderer\embree-renderer-2.3\devices\device_ispc\x64\releaseavx\depthoffieldcamera.ispc_sse4.obj
f:\embree renderer\embree-renderer-2.3\devices\device_ispc\x64\releaseavx\depthoffieldcamera.ispc_avx.obj
f:\embree renderer\embree-renderer-2.3\devices\device_ispc\x64\releaseavx\pinholecamera.ispc.obj
f:\embree renderer\embree-renderer-2.3\devices\device_ispc\x64\releaseavx\pinholecamera.ispc_sse2.obj
f:\embree renderer\embree-renderer-2.3\devices\device_ispc\x64\releaseavx\pinholecamera.ispc_sse4.obj
f:\embree renderer\embree-renderer-2.3\devices\device_ispc\x64\releaseavx\pinholecamera.ispc_avx.obj
f:\embree renderer\embree-renderer-2.3\devices\device_ispc\x64\releaseavx\accubuffer.ispc.obj
f:\embree renderer\embree-renderer-2.3\devices\device_ispc\x64\releaseavx\accubuffer.ispc_sse2.obj
f:\embree renderer\embree-renderer-2.3\devices\device_ispc\x64\releaseavx\accubuffer.ispc_sse4.obj
f:\embree renderer\embree-renderer-2.3\devices\device_ispc\x64\releaseavx\accubuffer.ispc_avx.obj
f:\embree renderer\embree-renderer-2.3\devices\device_ispc\x64\releaseavx\framebuffer.ispc.obj
f:\embree renderer\embree-renderer-2.3\devices\device_ispc\x64\releaseavx\framebuffer.ispc_sse2.obj
f:\embree renderer\embree-renderer-2.3\devices\device_ispc\x64\releaseavx\framebuffer.ispc_sse4.obj
f:\embree renderer\embree-renderer-2.3\devices\device_ispc\x64\releaseavx\framebuffer.ispc_avx.obj
f:\embree renderer\embree-renderer-2.3\devices\device_ispc\x64\releaseavx\framebuffer_rgb8.ispc.obj
f:\embree renderer\embree-renderer-2.3\devices\device_ispc\x64\releaseavx\framebuffer_rgb8.ispc_sse2.obj
f:\embree renderer\embree-renderer-2.3\devices\device_ispc\x64\releaseavx\framebuffer_rgb8.ispc_sse4.obj
f:\embree renderer\embree-renderer-2.3\devices\device_ispc\x64\releaseavx\framebuffer_rgb8.ispc_avx.obj
f:\embree renderer\embree-renderer-2.3\devices\device_ispc\x64\releaseavx\framebuffer_rgb_float32.ispc.obj
f:\embree renderer\embree-renderer-2.3\devices\device_ispc\x64\releaseavx\framebuffer_rgb_float32.ispc_sse2.obj
f:\embree renderer\embree-renderer-2.3\devices\device_ispc\x64\releaseavx\framebuffer_rgb_float32.ispc_sse4.obj
f:\embree renderer\embree-renderer-2.3\devices\device_ispc\x64\releaseavx\framebuffer_rgb_float32.ispc_avx.obj
f:\embree renderer\embree-renderer-2.3\devices\device_ispc\x64\releaseavx\framebuffer_rgba8.ispc.obj
f:\embree renderer\embree-renderer-2.3\devices\device_ispc\x64\releaseavx\framebuffer_rgba8.ispc_sse2.obj
f:\embree renderer\embree-renderer-2.3\devices\device_ispc\x64\releaseavx\framebuffer_rgba8.ispc_sse4.obj
f:\embree renderer\embree-renderer-2.3\devices\device_ispc\x64\releaseavx\framebuffer_rgba8.ispc_avx.obj
f:\embree renderer\embree-renderer-2.3\devices\device_ispc\x64\releaseavx\swapchain.ispc.obj
f:\embree renderer\embree-renderer-2.3\devices\device_ispc\x64\releaseavx\swapchain.ispc_sse2.obj
f:\embree renderer\embree-renderer-2.3\devices\device_ispc\x64\releaseavx\swapchain.ispc_sse4.obj
f:\embree renderer\embree-renderer-2.3\devices\device_ispc\x64\releaseavx\swapchain.ispc_avx.obj
f:\embree renderer\embree-renderer-2.3\devices\device_ispc\x64\releaseavx\instance.ispc.obj
f:\embree renderer\embree-renderer-2.3\devices\device_ispc\x64\releaseavx\instance.ispc_sse2.obj
f:\embree renderer\embree-renderer-2.3\devices\device_ispc\x64\releaseavx\instance.ispc_sse4.obj
f:\embree renderer\embree-renderer-2.3\devices\device_ispc\x64\releaseavx\instance.ispc_avx.obj
f:\embree renderer\embree-renderer-2.3\devices\device_ispc\x64\releaseavx\scene.ispc.obj
f:\embree renderer\embree-renderer-2.3\devices\device_ispc\x64\releaseavx\scene.ispc_sse2.obj
f:\embree renderer\embree-renderer-2.3\devices\device_ispc\x64\releaseavx\scene.ispc_sse4.obj
f:\embree renderer\embree-renderer-2.3\devices\device_ispc\x64\releaseavx\scene.ispc_avx.obj
f:\embree renderer\embree-renderer-2.3\devices\device_ispc\x64\releaseavx\ambientlight.ispc.obj
f:\embree renderer\embree-renderer-2.3\devices\device_ispc\x64\releaseavx\ambientlight.ispc_sse2.obj
f:\embree renderer\embree-renderer-2.3\devices\device_ispc\x64\releaseavx\ambientlight.ispc_sse4.obj
f:\embree renderer\embree-renderer-2.3\devices\device_ispc\x64\releaseavx\ambientlight.ispc_avx.obj
f:\embree renderer\embree-renderer-2.3\devices\device_ispc\x64\releaseavx\directionallight.ispc.obj
f:\embree renderer\embree-renderer-2.3\devices\device_ispc\x64\releaseavx\directionallight.ispc_sse2.obj
f:\embree renderer\embree-renderer-2.3\devices\device_ispc\x64\releaseavx\directionallight.ispc_sse4.obj
f:\embree renderer\embree-renderer-2.3\devices\device_ispc\x64\releaseavx\directionallight.ispc_avx.obj
f:\embree renderer\embree-renderer-2.3\devices\device_ispc\x64\releaseavx\distantlight.ispc.obj
f:\embree renderer\embree-renderer-2.3\devices\device_ispc\x64\releaseavx\distantlight.ispc_sse2.obj
f:\embree renderer\embree-renderer-2.3\devices\device_ispc\x64\releaseavx\distantlight.ispc_sse4.obj
f:\embree renderer\embree-renderer-2.3\devices\device_ispc\x64\releaseavx\distantlight.ispc_avx.obj
f:\embree renderer\embree-renderer-2.3\devices\device_ispc\x64\releaseavx\hdrilight.ispc.obj
f:\embree renderer\embree-renderer-2.3\devices\device_ispc\x64\releaseavx\hdrilight.ispc_sse2.obj
f:\embree renderer\embree-renderer-2.3\devices\device_ispc\x64\releaseavx\hdrilight.ispc_sse4.obj
f:\embree renderer\embree-renderer-2.3\devices\device_ispc\x64\releaseavx\hdrilight.ispc_avx.obj
f:\embree renderer\embree-renderer-2.3\devices\device_ispc\x64\releaseavx\light.ispc.obj
f:\embree renderer\embree-renderer-2.3\devices\device_ispc\x64\releaseavx\light.ispc_sse2.obj
f:\embree renderer\embree-renderer-2.3\devices\device_ispc\x64\releaseavx\light.ispc_sse4.obj
f:\embree renderer\embree-renderer-2.3\devices\device_ispc\x64\releaseavx\light.ispc_avx.obj
f:\embree renderer\embree-renderer-2.3\devices\device_ispc\x64\releaseavx\pointlight.ispc.obj
f:\embree renderer\embree-renderer-2.3\devices\device_ispc\x64\releaseavx\pointlight.ispc_sse2.obj
f:\embree renderer\embree-renderer-2.3\devices\device_ispc\x64\releaseavx\pointlight.ispc_sse4.obj
f:\embree renderer\embree-renderer-2.3\devices\device_ispc\x64\releaseavx\pointlight.ispc_avx.obj
f:\embree renderer\embree-renderer-2.3\devices\device_ispc\x64\releaseavx\spotlight.ispc.obj
f:\embree renderer\embree-renderer-2.3\devices\device_ispc\x64\releaseavx\spotlight.ispc_sse2.obj
f:\embree renderer\embree-renderer-2.3\devices\device_ispc\x64\releaseavx\spotlight.ispc_sse4.obj
f:\embree renderer\embree-renderer-2.3\devices\device_ispc\x64\releaseavx\spotlight.ispc_avx.obj
f:\embree renderer\embree-renderer-2.3\devices\device_ispc\x64\releaseavx\trianglelight.ispc.obj
f:\embree renderer\embree-renderer-2.3\devices\device_ispc\x64\releaseavx\trianglelight.ispc_sse2.obj
f:\embree renderer\embree-renderer-2.3\devices\device_ispc\x64\releaseavx\trianglelight.ispc_sse4.obj
f:\embree renderer\embree-renderer-2.3\devices\device_ispc\x64\releaseavx\trianglelight.ispc_avx.obj
f:\embree renderer\embree-renderer-2.3\devices\device_ispc\x64\releaseavx\dielectric.ispc.obj
f:\embree renderer\embree-renderer-2.3\devices\device_ispc\x64\releaseavx\dielectric.ispc_sse2.obj
f:\embree renderer\embree-renderer-2.3\devices\device_ispc\x64\releaseavx\dielectric.ispc_sse4.obj
f:\embree renderer\embree-renderer-2.3\devices\device_ispc\x64\releaseavx\dielectric.ispc_avx.obj
f:\embree renderer\embree-renderer-2.3\devices\device_ispc\x64\releaseavx\material.ispc.obj
f:\embree renderer\embree-renderer-2.3\devices\device_ispc\x64\releaseavx\material.ispc_sse2.obj
f:\embree renderer\embree-renderer-2.3\devices\device_ispc\x64\releaseavx\material.ispc_sse4.obj
f:\embree renderer\embree-renderer-2.3\devices\device_ispc\x64\releaseavx\material.ispc_avx.obj
f:\embree renderer\embree-renderer-2.3\devices\device_ispc\x64\releaseavx\matte.ispc.obj
f:\embree renderer\embree-renderer-2.3\devices\device_ispc\x64\releaseavx\matte.ispc_sse2.obj
f:\embree renderer\embree-renderer-2.3\devices\device_ispc\x64\releaseavx\matte.ispc_sse4.obj
f:\embree renderer\embree-renderer-2.3\devices\device_ispc\x64\releaseavx\matte.ispc_avx.obj
f:\embree renderer\embree-renderer-2.3\devices\device_ispc\x64\releaseavx\matte_textured.ispc.obj
f:\embree renderer\embree-renderer-2.3\devices\device_ispc\x64\releaseavx\matte_textured.ispc_sse2.obj
f:\embree renderer\embree-renderer-2.3\devices\device_ispc\x64\releaseavx\matte_textured.ispc_sse4.obj
f:\embree renderer\embree-renderer-2.3\devices\device_ispc\x64\releaseavx\matte_textured.ispc_avx.obj
f:\embree renderer\embree-renderer-2.3\devices\device_ispc\x64\releaseavx\metal.ispc.obj
f:\embree renderer\embree-renderer-2.3\devices\device_ispc\x64\releaseavx\metal.ispc_sse2.obj
f:\embree renderer\embree-renderer-2.3\devices\device_ispc\x64\releaseavx\metal.ispc_sse4.obj
f:\embree renderer\embree-renderer-2.3\devices\device_ispc\x64\releaseavx\metal.ispc_avx.obj
f:\embree renderer\embree-renderer-2.3\devices\device_ispc\x64\releaseavx\metallicpaint.ispc.obj
f:\embree renderer\embree-renderer-2.3\devices\device_ispc\x64\releaseavx\metallicpaint.ispc_sse2.obj
f:\embree renderer\embree-renderer-2.3\devices\device_ispc\x64\releaseavx\metallicpaint.ispc_sse4.obj
f:\embree renderer\embree-renderer-2.3\devices\device_ispc\x64\releaseavx\metallicpaint.ispc_avx.obj
f:\embree renderer\embree-renderer-2.3\devices\device_ispc\x64\releaseavx\mirror.ispc.obj
f:\embree renderer\embree-renderer-2.3\devices\device_ispc\x64\releaseavx\mirror.ispc_sse2.obj
f:\embree renderer\embree-renderer-2.3\devices\device_ispc\x64\releaseavx\mirror.ispc_sse4.obj
f:\embree renderer\embree-renderer-2.3\devices\device_ispc\x64\releaseavx\mirror.ispc_avx.obj
f:\embree renderer\embree-renderer-2.3\devices\device_ispc\x64\releaseavx\obj.ispc.obj
f:\embree renderer\embree-renderer-2.3\devices\device_ispc\x64\releaseavx\obj.ispc_sse2.obj
f:\embree renderer\embree-renderer-2.3\devices\device_ispc\x64\releaseavx\obj.ispc_sse4.obj
f:\embree renderer\embree-renderer-2.3\devices\device_ispc\x64\releaseavx\obj.ispc_avx.obj
f:\embree renderer\embree-renderer-2.3\devices\device_ispc\x64\releaseavx\plastic.ispc.obj
f:\embree renderer\embree-renderer-2.3\devices\device_ispc\x64\releaseavx\plastic.ispc_sse2.obj
f:\embree renderer\embree-renderer-2.3\devices\device_ispc\x64\releaseavx\plastic.ispc_sse4.obj
f:\embree renderer\embree-renderer-2.3\devices\device_ispc\x64\releaseavx\plastic.ispc_avx.obj
f:\embree renderer\embree-renderer-2.3\devices\device_ispc\x64\releaseavx\thindielectric.ispc.obj
f:\embree renderer\embree-renderer-2.3\devices\device_ispc\x64\releaseavx\thindielectric.ispc_sse2.obj
f:\embree renderer\embree-renderer-2.3\devices\device_ispc\x64\releaseavx\thindielectric.ispc_sse4.obj
f:\embree renderer\embree-renderer-2.3\devices\device_ispc\x64\releaseavx\thindielectric.ispc_avx.obj
f:\embree renderer\embree-renderer-2.3\devices\device_ispc\x64\releaseavx\velvet.ispc.obj
f:\embree renderer\embree-renderer-2.3\devices\device_ispc\x64\releaseavx\velvet.ispc_sse2.obj
f:\embree renderer\embree-renderer-2.3\devices\device_ispc\x64\releaseavx\velvet.ispc_sse4.obj
f:\embree renderer\embree-renderer-2.3\devices\device_ispc\x64\releaseavx\velvet.ispc_avx.obj
f:\embree renderer\embree-renderer-2.3\devices\device_ispc\x64\releaseavx\debugrenderer.ispc.obj
f:\embree renderer\embree-renderer-2.3\devices\device_ispc\x64\releaseavx\debugrenderer.ispc_sse2.obj
f:\embree renderer\embree-renderer-2.3\devices\device_ispc\x64\releaseavx\debugrenderer.ispc_sse4.obj
f:\embree renderer\embree-renderer-2.3\devices\device_ispc\x64\releaseavx\debugrenderer.ispc_avx.obj
f:\embree renderer\embree-renderer-2.3\devices\device_ispc\x64\releaseavx\pathtracer.ispc.obj
f:\embree renderer\embree-renderer-2.3\devices\device_ispc\x64\releaseavx\pathtracer.ispc_sse2.obj
f:\embree renderer\embree-renderer-2.3\devices\device_ispc\x64\releaseavx\pathtracer.ispc_sse4.obj
f:\embree renderer\embree-renderer-2.3\devices\device_ispc\x64\releaseavx\pathtracer.ispc_avx.obj
f:\embree renderer\embree-renderer-2.3\devices\device_ispc\x64\releaseavx\renderer.ispc.obj
f:\embree renderer\embree-renderer-2.3\devices\device_ispc\x64\releaseavx\renderer.ispc_sse2.obj
f:\embree renderer\embree-renderer-2.3\devices\device_ispc\x64\releaseavx\renderer.ispc_sse4.obj
f:\embree renderer\embree-renderer-2.3\devices\device_ispc\x64\releaseavx\renderer.ispc_avx.obj
f:\embree renderer\embree-renderer-2.3\devices\device_ispc\x64\releaseavx\distribution2d.ispc.obj
f:\embree renderer\embree-renderer-2.3\devices\device_ispc\x64\releaseavx\distribution2d.ispc_sse2.obj
f:\embree renderer\embree-renderer-2.3\devices\device_ispc\x64\releaseavx\distribution2d.ispc_sse4.obj
f:\embree renderer\embree-renderer-2.3\devices\device_ispc\x64\releaseavx\distribution2d.ispc_avx.obj
f:\embree renderer\embree-renderer-2.3\devices\device_ispc\x64\releaseavx\shape.ispc.obj
f:\embree renderer\embree-renderer-2.3\devices\device_ispc\x64\releaseavx\shape.ispc_sse2.obj
f:\embree renderer\embree-renderer-2.3\devices\device_ispc\x64\releaseavx\shape.ispc_sse4.obj
f:\embree renderer\embree-renderer-2.3\devices\device_ispc\x64\releaseavx\shape.ispc_avx.obj
f:\embree renderer\embree-renderer-2.3\devices\device_ispc\x64\releaseavx\trianglemesh.ispc.obj
f:\embree renderer\embree-renderer-2.3\devices\device_ispc\x64\releaseavx\trianglemesh.ispc_sse2.obj
f:\embree renderer\embree-renderer-2.3\devices\device_ispc\x64\releaseavx\trianglemesh.ispc_sse4.obj
f:\embree renderer\embree-renderer-2.3\devices\device_ispc\x64\releaseavx\trianglemesh.ispc_avx.obj
f:\embree renderer\embree-renderer-2.3\devices\device_ispc\x64\releaseavx\image3c.ispc.obj
f:\embree renderer\embree-renderer-2.3\devices\device_ispc\x64\releaseavx\image3c.ispc_sse2.obj
f:\embree renderer\embree-renderer-2.3\devices\device_ispc\x64\releaseavx\image3c.ispc_sse4.obj
f:\embree renderer\embree-renderer-2.3\devices\device_ispc\x64\releaseavx\image3c.ispc_avx.obj
f:\embree renderer\embree-renderer-2.3\devices\device_ispc\x64\releaseavx\image3ca.ispc.obj
f:\embree renderer\embree-renderer-2.3\devices\device_ispc\x64\releaseavx\image3ca.ispc_sse2.obj
f:\embree renderer\embree-renderer-2.3\devices\device_ispc\x64\releaseavx\image3ca.ispc_sse4.obj
f:\embree renderer\embree-renderer-2.3\devices\device_ispc\x64\releaseavx\image3ca.ispc_avx.obj
f:\embree renderer\embree-renderer-2.3\devices\device_ispc\x64\releaseavx\image3f.ispc.obj
f:\embree renderer\embree-renderer-2.3\devices\device_ispc\x64\releaseavx\image3f.ispc_sse2.obj
f:\embree renderer\embree-renderer-2.3\devices\device_ispc\x64\releaseavx\image3f.ispc_sse4.obj
f:\embree renderer\embree-renderer-2.3\devices\device_ispc\x64\releaseavx\image3f.ispc_avx.obj
f:\embree renderer\embree-renderer-2.3\devices\device_ispc\x64\releaseavx\image3fa.ispc.obj
f:\embree renderer\embree-renderer-2.3\devices\device_ispc\x64\releaseavx\image3fa.ispc_sse2.obj
f:\embree renderer\embree-renderer-2.3\devices\device_ispc\x64\releaseavx\image3fa.ispc_sse4.obj
f:\embree renderer\embree-renderer-2.3\devices\device_ispc\x64\releaseavx\image3fa.ispc_avx.obj
f:\embree renderer\embree-renderer-2.3\devices\device_ispc\x64\releaseavx\nearestneighbor.ispc.obj
f:\embree renderer\embree-renderer-2.3\devices\device_ispc\x64\releaseavx\nearestneighbor.ispc_sse2.obj
f:\embree renderer\embree-renderer-2.3\devices\device_ispc\x64\releaseavx\nearestneighbor.ispc_sse4.obj
f:\embree renderer\embree-renderer-2.3\devices\device_ispc\x64\releaseavx\nearestneighbor.ispc_avx.obj
f:\embree renderer\embree-renderer-2.3\devices\device_ispc\x64\releaseavx\defaulttonemapper.ispc.obj
f:\embree renderer\embree-renderer-2.3\devices\device_ispc\x64\releaseavx\defaulttonemapper.ispc_sse2.obj
f:\embree renderer\embree-renderer-2.3\devices\device_ispc\x64\releaseavx\defaulttonemapper.ispc_sse4.obj
f:\embree renderer\embree-renderer-2.3\devices\device_ispc\x64\releaseavx\defaulttonemapper.ispc_avx.obj
f:\embree renderer\embree-renderer-2.3\devices\device_ispc\x64\releaseavx\vc120.pdb
f:\embree renderer\embree-renderer-2.3\devices\device_ispc\x64\releaseavx\trianglemesh.obj
f:\embree renderer\embree-renderer-2.3\devices\device_ispc\x64\releaseavx\sphere.obj
f:\embree renderer\embree-renderer-2.3\devices\device_ispc\x64\releaseavx\ispc_device.obj
f:\embree renderer\embree-renderer-2.3\x64\releaseavx\device_ispc.lib
f:\embree renderer\embree-renderer-2.3\x64\releaseavx\device_ispc.exp
f:\embree renderer\embree-renderer-2.3\devices\device_ispc\x64\releaseavx\device_ispc.write.1.tlog
f:\embree renderer\embree-renderer-2.3\devices\device_ispc\x64\releaseavx\device_ispc.tlog\cl.command.1.tlog
f:\embree renderer\embree-renderer-2.3\devices\device_ispc\x64\releaseavx\device_ispc.tlog\cl.read.1.tlog
f:\embree renderer\embree-renderer-2.3\devices\device_ispc\x64\releaseavx\device_ispc.tlog\cl.write.1.tlog
f:\embree renderer\embree-renderer-2.3\devices\device_ispc\x64\releaseavx\device_ispc.tlog\device_ispc.write.1u.tlog
f:\embree renderer\embree-renderer-2.3\devices\device_ispc\x64\releaseavx\device_ispc.tlog\link.command.1.tlog
f:\embree renderer\embree-renderer-2.3\devices\device_ispc\x64\releaseavx\device_ispc.tlog\link.read.1.tlog
f:\embree renderer\embree-renderer-2.3\devices\device_ispc\x64\releaseavx\device_ispc.tlog\link.write.1.tlog
