Build started 08.11.2014 11:16:34.
     1>Project "F:\Embree Renderer\Theseus-2.4\devices\device_ispc\device_ispc.vcxproj" on node 4 (Build target(s)).
     1>Link:
         C:\Program Files (x86)\Microsoft Visual Studio 12.0\VC\bin\x86_amd64\link.exe /ERRORREPORT:PROMPT /OUT:"F:\Embree Renderer\Theseus-2.4\x64\ReleaseAVX\device_ispc.dll" /INCREMENTAL:NO /NOLOGO "F:\embree-2.3.3\x64\ReleaseAVX\embree.lib" kernel32.lib user32.lib gdi32.lib winspool.lib comdlg32.lib advapi32.lib shell32.lib ole32.lib oleaut32.lib uuid.lib odbc32.lib odbccp32.lib /NODEFAULTLIB:libcpmt.lib /MANIFEST /MANIFESTUAC:"level='asInvoker' uiAccess='false'" /manifest:embed /PDB:"F:\Embree Renderer\Theseus-2.4\x64\ReleaseAVX\device_ispc.pdb" /LTCG /TLBID:1 /DYNAMICBASE /NXCOMPAT /IMPLIB:"F:\Embree Renderer\Theseus-2.4\x64\ReleaseAVX\device_ispc.lib" /MACHINE:X64 /DLL x64\ReleaseAVX\ref.ispc.obj
         x64\ReleaseAVX\ref.ispc_sse2.obj
         x64\ReleaseAVX\ref.ispc_sse4.obj
         x64\ReleaseAVX\ref.ispc_avx.obj
         x64\ReleaseAVX\depthoffieldcamera.ispc.obj
         x64\ReleaseAVX\depthoffieldcamera.ispc_sse2.obj
         x64\ReleaseAVX\depthoffieldcamera.ispc_sse4.obj
         x64\ReleaseAVX\depthoffieldcamera.ispc_avx.obj
         x64\ReleaseAVX\pinholecamera.ispc.obj
         x64\ReleaseAVX\pinholecamera.ispc_sse2.obj
         x64\ReleaseAVX\pinholecamera.ispc_sse4.obj
         x64\ReleaseAVX\pinholecamera.ispc_avx.obj
         x64\ReleaseAVX\accubuffer.ispc.obj
         x64\ReleaseAVX\accubuffer.ispc_sse2.obj
         x64\ReleaseAVX\accubuffer.ispc_sse4.obj
         x64\ReleaseAVX\accubuffer.ispc_avx.obj
         x64\ReleaseAVX\framebuffer.ispc.obj
         x64\ReleaseAVX\framebuffer.ispc_sse2.obj
         x64\ReleaseAVX\framebuffer.ispc_sse4.obj
         x64\ReleaseAVX\framebuffer.ispc_avx.obj
         x64\ReleaseAVX\framebuffer_rgb8.ispc.obj
         x64\ReleaseAVX\framebuffer_rgb8.ispc_sse2.obj
         x64\ReleaseAVX\framebuffer_rgb8.ispc_sse4.obj
         x64\ReleaseAVX\framebuffer_rgb8.ispc_avx.obj
         x64\ReleaseAVX\framebuffer_rgb_float32.ispc.obj
         x64\ReleaseAVX\framebuffer_rgb_float32.ispc_sse2.obj
         x64\ReleaseAVX\framebuffer_rgb_float32.ispc_sse4.obj
         x64\ReleaseAVX\framebuffer_rgb_float32.ispc_avx.obj
         x64\ReleaseAVX\framebuffer_rgba8.ispc.obj
         x64\ReleaseAVX\framebuffer_rgba8.ispc_sse2.obj
         x64\ReleaseAVX\framebuffer_rgba8.ispc_sse4.obj
         x64\ReleaseAVX\framebuffer_rgba8.ispc_avx.obj
         x64\ReleaseAVX\swapchain.ispc.obj
         x64\ReleaseAVX\swapchain.ispc_sse2.obj
         x64\ReleaseAVX\swapchain.ispc_sse4.obj
         x64\ReleaseAVX\swapchain.ispc_avx.obj
         x64\ReleaseAVX\instance.ispc.obj
         x64\ReleaseAVX\instance.ispc_sse2.obj
         x64\ReleaseAVX\instance.ispc_sse4.obj
         x64\ReleaseAVX\instance.ispc_avx.obj
         x64\ReleaseAVX\scene.ispc.obj
         x64\ReleaseAVX\scene.ispc_sse2.obj
         x64\ReleaseAVX\scene.ispc_sse4.obj
         x64\ReleaseAVX\scene.ispc_avx.obj
         x64\ReleaseAVX\ambientlight.ispc.obj
         x64\ReleaseAVX\ambientlight.ispc_sse2.obj
         x64\ReleaseAVX\ambientlight.ispc_sse4.obj
         x64\ReleaseAVX\ambientlight.ispc_avx.obj
         x64\ReleaseAVX\directionallight.ispc.obj
         x64\ReleaseAVX\directionallight.ispc_sse2.obj
         x64\ReleaseAVX\directionallight.ispc_sse4.obj
         x64\ReleaseAVX\directionallight.ispc_avx.obj
         x64\ReleaseAVX\distantlight.ispc.obj
         x64\ReleaseAVX\distantlight.ispc_sse2.obj
         x64\ReleaseAVX\distantlight.ispc_sse4.obj
         x64\ReleaseAVX\distantlight.ispc_avx.obj
         x64\ReleaseAVX\hdrilight.ispc.obj
         x64\ReleaseAVX\hdrilight.ispc_sse2.obj
         x64\ReleaseAVX\hdrilight.ispc_sse4.obj
         x64\ReleaseAVX\hdrilight.ispc_avx.obj
         x64\ReleaseAVX\light.ispc.obj
         x64\ReleaseAVX\light.ispc_sse2.obj
         x64\ReleaseAVX\light.ispc_sse4.obj
         x64\ReleaseAVX\light.ispc_avx.obj
         x64\ReleaseAVX\pointlight.ispc.obj
         x64\ReleaseAVX\pointlight.ispc_sse2.obj
         x64\ReleaseAVX\pointlight.ispc_sse4.obj
         x64\ReleaseAVX\pointlight.ispc_avx.obj
         x64\ReleaseAVX\spotlight.ispc.obj
         x64\ReleaseAVX\spotlight.ispc_sse2.obj
         x64\ReleaseAVX\spotlight.ispc_sse4.obj
         x64\ReleaseAVX\spotlight.ispc_avx.obj
         x64\ReleaseAVX\trianglelight.ispc.obj
         x64\ReleaseAVX\trianglelight.ispc_sse2.obj
         x64\ReleaseAVX\trianglelight.ispc_sse4.obj
         x64\ReleaseAVX\trianglelight.ispc_avx.obj
         x64\ReleaseAVX\dielectric.ispc.obj
         x64\ReleaseAVX\dielectric.ispc_sse2.obj
         x64\ReleaseAVX\dielectric.ispc_sse4.obj
         x64\ReleaseAVX\dielectric.ispc_avx.obj
         x64\ReleaseAVX\material.ispc.obj
         x64\ReleaseAVX\material.ispc_sse2.obj
         x64\ReleaseAVX\material.ispc_sse4.obj
         x64\ReleaseAVX\material.ispc_avx.obj
         x64\ReleaseAVX\matte.ispc.obj
         x64\ReleaseAVX\matte.ispc_sse2.obj
         x64\ReleaseAVX\matte.ispc_sse4.obj
         x64\ReleaseAVX\matte.ispc_avx.obj
         x64\ReleaseAVX\matte_textured.ispc.obj
         x64\ReleaseAVX\matte_textured.ispc_sse2.obj
         x64\ReleaseAVX\matte_textured.ispc_sse4.obj
         x64\ReleaseAVX\matte_textured.ispc_avx.obj
         x64\ReleaseAVX\metal.ispc.obj
         x64\ReleaseAVX\metal.ispc_sse2.obj
         x64\ReleaseAVX\metal.ispc_sse4.obj
         x64\ReleaseAVX\metal.ispc_avx.obj
         x64\ReleaseAVX\metallicpaint.ispc.obj
         x64\ReleaseAVX\metallicpaint.ispc_sse2.obj
         x64\ReleaseAVX\metallicpaint.ispc_sse4.obj
         x64\ReleaseAVX\metallicpaint.ispc_avx.obj
         x64\ReleaseAVX\mirror.ispc.obj
         x64\ReleaseAVX\mirror.ispc_sse2.obj
         x64\ReleaseAVX\mirror.ispc_sse4.obj
         x64\ReleaseAVX\mirror.ispc_avx.obj
         x64\ReleaseAVX\obj.ispc.obj
         x64\ReleaseAVX\obj.ispc_sse2.obj
         x64\ReleaseAVX\obj.ispc_sse4.obj
         x64\ReleaseAVX\obj.ispc_avx.obj
         x64\ReleaseAVX\plastic.ispc.obj
         x64\ReleaseAVX\plastic.ispc_sse2.obj
         x64\ReleaseAVX\plastic.ispc_sse4.obj
         x64\ReleaseAVX\plastic.ispc_avx.obj
         x64\ReleaseAVX\thindielectric.ispc.obj
         x64\ReleaseAVX\thindielectric.ispc_sse2.obj
         x64\ReleaseAVX\thindielectric.ispc_sse4.obj
         x64\ReleaseAVX\thindielectric.ispc_avx.obj
         x64\ReleaseAVX\velvet.ispc.obj
         x64\ReleaseAVX\velvet.ispc_sse2.obj
         x64\ReleaseAVX\velvet.ispc_sse4.obj
         x64\ReleaseAVX\velvet.ispc_avx.obj
         x64\ReleaseAVX\debugrenderer.ispc.obj
         x64\ReleaseAVX\debugrenderer.ispc_sse2.obj
         x64\ReleaseAVX\debugrenderer.ispc_sse4.obj
         x64\ReleaseAVX\debugrenderer.ispc_avx.obj
         x64\ReleaseAVX\pathtracer.ispc.obj
         x64\ReleaseAVX\pathtracer.ispc_sse2.obj
         x64\ReleaseAVX\pathtracer.ispc_sse4.obj
         x64\ReleaseAVX\pathtracer.ispc_avx.obj
         x64\ReleaseAVX\renderer.ispc.obj
         x64\ReleaseAVX\renderer.ispc_sse2.obj
         x64\ReleaseAVX\renderer.ispc_sse4.obj
         x64\ReleaseAVX\renderer.ispc_avx.obj
         x64\ReleaseAVX\distribution2d.ispc.obj
         x64\ReleaseAVX\distribution2d.ispc_sse2.obj
         x64\ReleaseAVX\distribution2d.ispc_sse4.obj
         x64\ReleaseAVX\distribution2d.ispc_avx.obj
         x64\ReleaseAVX\shape.ispc.obj
         x64\ReleaseAVX\shape.ispc_sse2.obj
         x64\ReleaseAVX\shape.ispc_sse4.obj
         x64\ReleaseAVX\shape.ispc_avx.obj
         x64\ReleaseAVX\trianglemesh.ispc.obj
         x64\ReleaseAVX\trianglemesh.ispc_sse2.obj
         x64\ReleaseAVX\trianglemesh.ispc_sse4.obj
         x64\ReleaseAVX\trianglemesh.ispc_avx.obj
         x64\ReleaseAVX\image3c.ispc.obj
         x64\ReleaseAVX\image3c.ispc_sse2.obj
         x64\ReleaseAVX\image3c.ispc_sse4.obj
         x64\ReleaseAVX\image3c.ispc_avx.obj
         x64\ReleaseAVX\image3ca.ispc.obj
         x64\ReleaseAVX\image3ca.ispc_sse2.obj
         x64\ReleaseAVX\image3ca.ispc_sse4.obj
         x64\ReleaseAVX\image3ca.ispc_avx.obj
         x64\ReleaseAVX\image3f.ispc.obj
         x64\ReleaseAVX\image3f.ispc_sse2.obj
         x64\ReleaseAVX\image3f.ispc_sse4.obj
         x64\ReleaseAVX\image3f.ispc_avx.obj
         x64\ReleaseAVX\image3fa.ispc.obj
         x64\ReleaseAVX\image3fa.ispc_sse2.obj
         x64\ReleaseAVX\image3fa.ispc_sse4.obj
         x64\ReleaseAVX\image3fa.ispc_avx.obj
         x64\ReleaseAVX\nearestneighbor.ispc.obj
         x64\ReleaseAVX\nearestneighbor.ispc_sse2.obj
         x64\ReleaseAVX\nearestneighbor.ispc_sse4.obj
         x64\ReleaseAVX\nearestneighbor.ispc_avx.obj
         x64\ReleaseAVX\defaulttonemapper.ispc.obj
         x64\ReleaseAVX\defaulttonemapper.ispc_sse2.obj
         x64\ReleaseAVX\defaulttonemapper.ispc_sse4.obj
         x64\ReleaseAVX\defaulttonemapper.ispc_avx.obj
         x64\ReleaseAVX\ispc_device.obj
         x64\ReleaseAVX\sphere.obj
         x64\ReleaseAVX\trianglemesh.obj
         "F:\Embree Renderer\Theseus-2.4\x64\ReleaseAVX\image.lib"
         "F:\Embree Renderer\Theseus-2.4\x64\ReleaseAVX\sys.lib"
            Creating library F:\Embree Renderer\Theseus-2.4\x64\ReleaseAVX\device_ispc.lib and object F:\Embree Renderer\Theseus-2.4\x64\ReleaseAVX\device_ispc.exp
         Generating code
         Finished generating code
         device_ispc.vcxproj -> F:\Embree Renderer\Theseus-2.4\x64\ReleaseAVX\device_ispc.dll
     1>Done Building Project "F:\Embree Renderer\Theseus-2.4\devices\device_ispc\device_ispc.vcxproj" (Build target(s)).

Build succeeded.

Time Elapsed 00:00:04.72
