f:\embree renderer\embree-renderer-2.3\common\sys\x64\releaseavx\vc120.pdb
f:\embree renderer\embree-renderer-2.3\common\sys\x64\releaseavx\thread.obj
f:\embree renderer\embree-renderer-2.3\common\sys\x64\releaseavx\taskscheduler_sys.obj
f:\embree renderer\embree-renderer-2.3\common\sys\x64\releaseavx\taskscheduler_mic.obj
f:\embree renderer\embree-renderer-2.3\common\sys\x64\releaseavx\taskscheduler.obj
f:\embree renderer\embree-renderer-2.3\common\sys\x64\releaseavx\sysinfo.obj
f:\embree renderer\embree-renderer-2.3\common\sys\x64\releaseavx\platform.obj
f:\embree renderer\embree-renderer-2.3\common\sys\x64\releaseavx\network.obj
f:\embree renderer\embree-renderer-2.3\common\sys\x64\releaseavx\library.obj
f:\embree renderer\embree-renderer-2.3\common\sys\x64\releaseavx\filename.obj
f:\embree renderer\embree-renderer-2.3\common\sys\x64\releaseavx\mutex.obj
f:\embree renderer\embree-renderer-2.3\common\sys\x64\releaseavx\condition.obj
f:\embree renderer\embree-renderer-2.3\common\sys\x64\releaseavx\string.obj
f:\embree renderer\embree-renderer-2.3\x64\releaseavx\sys.lib
f:\embree renderer\embree-renderer-2.3\common\sys\x64\releaseavx\sys.tlog\cl.command.1.tlog
f:\embree renderer\embree-renderer-2.3\common\sys\x64\releaseavx\sys.tlog\cl.read.1.tlog
f:\embree renderer\embree-renderer-2.3\common\sys\x64\releaseavx\sys.tlog\cl.write.1.tlog
f:\embree renderer\embree-renderer-2.3\common\sys\x64\releaseavx\sys.tlog\lib-link.read.1.tlog
f:\embree renderer\embree-renderer-2.3\common\sys\x64\releaseavx\sys.tlog\lib-link.write.1.tlog
f:\embree renderer\embree-renderer-2.3\common\sys\x64\releaseavx\sys.tlog\lib.command.1.tlog
